INFO [2022-11-18 16:40:57,689] basehttp "GET /static/images/fondo-azul-cortado.png HTTP/1.1" 200 36432
INFO [2022-11-18 16:40:57,691] basehttp "GET /static/images/Fondo-1.png HTTP/1.1" 200 169620
INFO [2022-11-18 16:40:57,692] basehttp "GET /static/images/FondoPE.png HTTP/1.1" 200 279295
INFO [2022-11-18 16:40:57,692] basehttp "GET /static/images/FondoInferior.png HTTP/1.1" 200 314992
INFO [2022-11-18 16:40:57,769] basehttp "GET /static/images/favicon.ico HTTP/1.1" 200 15406
INFO [2022-11-18 16:41:46,387] basehttp "GET / HTTP/1.1" 200 36530
INFO [2022-11-18 16:41:46,402] basehttp "GET /static/style.css HTTP/1.1" 200 5644
INFO [2022-11-18 16:41:46,483] basehttp "GET /static/images/LogoCrema.png HTTP/1.1" 200 48193
INFO [2022-11-18 16:41:46,506] basehttp "GET /static/images/LogoAzul.png HTTP/1.1" 200 2987
INFO [2022-11-18 16:41:46,514] basehttp "GET /static/images/Rentabilidad-promedio.png HTTP/1.1" 200 19682
INFO [2022-11-18 16:41:46,514] basehttp "GET /static/images/Ahorros-invertidos.png HTTP/1.1" 200 16709
INFO [2022-11-18 16:41:46,515] basehttp "GET /static/images/Rentabilidad-promedio1.png HTTP/1.1" 200 20820
INFO [2022-11-18 16:41:46,516] basehttp "GET /static/images/bucks.png HTTP/1.1" 200 100713
INFO [2022-11-18 16:41:46,517] basehttp "GET /static/images/first-img.png HTTP/1.1" 200 162794
INFO [2022-11-18 16:41:46,533] basehttp "GET /static/images/row-circle.png HTTP/1.1" 200 36262
INFO [2022-11-18 16:41:46,534] basehttp "GET /static/images/grafico.png HTTP/1.1" 200 6741
INFO [2022-11-18 16:41:46,534] basehttp "GET /static/images/Chancho.png HTTP/1.1" 200 81157
INFO [2022-11-18 16:41:46,536] basehttp "GET /static/images/bolsa.png HTTP/1.1" 200 200411
INFO [2022-11-18 16:41:46,536] basehttp "GET /static/images/grow.png HTTP/1.1" 200 144710
INFO [2022-11-18 16:41:46,537] basehttp "GET /static/images/resultados.png HTTP/1.1" 200 239020
INFO [2022-11-18 16:41:46,549] basehttp "GET /static/images/money-rating.png HTTP/1.1" 200 19337
INFO [2022-11-18 16:41:46,550] basehttp "GET /static/images/tres-chanchos.png HTTP/1.1" 200 23142
INFO [2022-11-18 16:41:46,550] basehttp "GET /static/images/scan-code.png HTTP/1.1" 200 54052
INFO [2022-11-18 16:41:46,551] basehttp "GET /static/images/finniu-app.png HTTP/1.1" 200 98833
INFO [2022-11-18 16:41:46,552] basehttp "GET /static/images/layer-left.png HTTP/1.1" 200 197353
INFO [2022-11-18 16:41:46,553] basehttp "GET /static/images/chancho-inver.png HTTP/1.1" 200 370925
INFO [2022-11-18 16:41:46,559] basehttp "GET /static/images/testimonial/testimonial-3.png HTTP/1.1" 200 22478
INFO [2022-11-18 16:41:46,560] basehttp "GET /static/images/testimonial/testimonial-1.png HTTP/1.1" 200 46618
INFO [2022-11-18 16:41:46,560] basehttp "GET /static/images/testimonial/testimonial-2.png HTTP/1.1" 200 54597
INFO [2022-11-18 16:41:46,561] basehttp "GET /static/images/layer-right.png HTTP/1.1" 200 240419
INFO [2022-11-18 16:41:46,565] basehttp "GET /static/images/Empresa2.png HTTP/1.1" 200 9522
INFO [2022-11-18 16:41:46,566] basehttp "GET /static/images/Empresa3.png HTTP/1.1" 200 15536
INFO [2022-11-18 16:41:46,566] basehttp "GET /static/images/Empresa1.png HTTP/1.1" 200 15200
INFO [2022-11-18 16:41:46,570] basehttp "GET /static/images/Empresa4.png HTTP/1.1" 200 4915
INFO [2022-11-18 16:41:46,570] basehttp "GET /static/images/Empresa5.png HTTP/1.1" 200 27997
INFO [2022-11-18 16:41:46,573] basehttp "GET /static/images/Empresa6.png HTTP/1.1" 200 34709
INFO [2022-11-18 16:41:46,575] basehttp "GET /static/images/wind.png HTTP/1.1" 200 18829
INFO [2022-11-18 16:41:46,577] basehttp "GET /static/images/whatsapp.png HTTP/1.1" 200 11622
INFO [2022-11-18 16:41:46,579] basehttp "GET /static/images/linkedin.png HTTP/1.1" 200 9328
INFO [2022-11-18 16:41:46,599] basehttp "GET /static/images/gmail.png HTTP/1.1" 200 7504
INFO [2022-11-18 16:41:46,599] basehttp "GET /static/images/iman.png HTTP/1.1" 200 99233
INFO [2022-11-18 16:41:46,713] basehttp "GET /static/images/Fondo-1.png HTTP/1.1" 200 169620
INFO [2022-11-18 16:41:46,715] basehttp "GET /static/images/FondoInferior.png HTTP/1.1" 200 314992
INFO [2022-11-18 16:41:46,716] basehttp "GET /static/images/fondo-azul-cortado.png HTTP/1.1" 200 36432
INFO [2022-11-18 16:41:46,717] basehttp "GET /static/images/FondoPE.png HTTP/1.1" 200 279295
INFO [2022-11-18 16:41:46,805] basehttp "GET /static/images/favicon.ico HTTP/1.1" 200 15406
INFO [2022-11-18 16:43:08,523] basehttp "GET / HTTP/1.1" 200 36811
INFO [2022-11-18 16:43:08,547] basehttp "GET /static/style.css HTTP/1.1" 200 5644
INFO [2022-11-18 16:43:08,631] basehttp "GET /static/images/LogoCrema.png HTTP/1.1" 200 48193
INFO [2022-11-18 16:43:08,656] basehttp "GET /static/images/LogoAzul.png HTTP/1.1" 200 2987
INFO [2022-11-18 16:43:08,657] basehttp "GET /static/images/Rentabilidad-promedio1.png HTTP/1.1" 200 20820
INFO [2022-11-18 16:43:08,657] basehttp "GET /static/images/Ahorros-invertidos.png HTTP/1.1" 200 16709
INFO [2022-11-18 16:43:08,658] basehttp "GET /static/images/Rentabilidad-promedio.png HTTP/1.1" 200 19682
INFO [2022-11-18 16:43:08,658] basehttp "GET /static/images/first-img.png HTTP/1.1" 200 162794
INFO [2022-11-18 16:43:08,659] basehttp "GET /static/images/bucks.png HTTP/1.1" 200 100713
INFO [2022-11-18 16:43:08,669] basehttp "GET /static/images/bolsa.png HTTP/1.1" 200 200411
INFO [2022-11-18 16:43:08,669] basehttp "GET /static/images/row-circle.png HTTP/1.1" 200 36262
INFO [2022-11-18 16:43:08,670] basehttp "GET /static/images/grow.png HTTP/1.1" 200 144710
INFO [2022-11-18 16:43:08,670] basehttp "GET /static/images/Chancho.png HTTP/1.1" 200 81157
INFO [2022-11-18 16:43:08,671] basehttp "GET /static/images/resultados.png HTTP/1.1" 200 239020
INFO [2022-11-18 16:43:08,671] basehttp "GET /static/images/grafico.png HTTP/1.1" 200 6741
INFO [2022-11-18 16:43:08,679] basehttp "GET /static/images/money-rating.png HTTP/1.1" 200 19337
INFO [2022-11-18 16:43:08,679] basehttp "GET /static/images/tres-chanchos.png HTTP/1.1" 200 23142
INFO [2022-11-18 16:43:08,680] basehttp "GET /static/images/layer-left.png HTTP/1.1" 200 197353
INFO [2022-11-18 16:43:08,681] basehttp "GET /static/images/finniu-app.png HTTP/1.1" 200 98833
INFO [2022-11-18 16:43:08,682] basehttp "GET /static/images/chancho-inver.png HTTP/1.1" 200 370925
INFO [2022-11-18 16:43:08,687] basehttp "GET /static/images/scan-code.png HTTP/1.1" 200 54052
INFO [2022-11-18 16:43:08,687] basehttp "GET /static/images/testimonial/testimonial-1.png HTTP/1.1" 200 46618
INFO [2022-11-18 16:43:08,688] basehttp "GET /static/images/layer-right.png HTTP/1.1" 200 240419
INFO [2022-11-18 16:43:08,691] basehttp "GET /static/images/testimonial/testimonial-3.png HTTP/1.1" 200 22478
INFO [2022-11-18 16:43:08,692] basehttp "GET /static/images/testimonial/testimonial-2.png HTTP/1.1" 200 54597
INFO [2022-11-18 16:43:08,695] basehttp "GET /static/images/Empresa1.png HTTP/1.1" 200 15200
INFO [2022-11-18 16:43:08,697] basehttp "GET /static/images/Empresa2.png HTTP/1.1" 200 9522
INFO [2022-11-18 16:43:08,718] basehttp "GET /static/images/Empresa3.png HTTP/1.1" 200 15536
INFO [2022-11-18 16:43:08,720] basehttp "GET /static/images/Empresa4.png HTTP/1.1" 200 4915
INFO [2022-11-18 16:43:08,726] basehttp "GET /static/images/Empresa5.png HTTP/1.1" 200 27997
INFO [2022-11-18 16:43:08,727] basehttp "GET /static/images/Empresa6.png HTTP/1.1" 200 34709
INFO [2022-11-18 16:43:08,731] basehttp "GET /static/images/whatsapp.png HTTP/1.1" 200 11622
INFO [2022-11-18 16:43:08,732] basehttp "GET /static/images/linkedin.png HTTP/1.1" 200 9328
INFO [2022-11-18 16:43:08,732] basehttp "GET /static/images/wind.png HTTP/1.1" 200 18829
INFO [2022-11-18 16:43:08,736] basehttp "GET /static/images/gmail.png HTTP/1.1" 200 7504
INFO [2022-11-18 16:43:08,737] basehttp "GET /static/images/iman.png HTTP/1.1" 200 99233
INFO [2022-11-18 16:43:08,945] basehttp "GET /static/images/FondoInferior.png HTTP/1.1" 200 314992
INFO [2022-11-18 16:43:08,945] basehttp "GET /static/images/FondoPE.png HTTP/1.1" 200 279295
INFO [2022-11-18 16:43:08,945] basehttp "GET /static/images/fondo-azul-cortado.png HTTP/1.1" 200 36432
INFO [2022-11-18 16:43:08,946] basehttp "GET /static/images/Fondo-1.png HTTP/1.1" 200 169620
INFO [2022-11-18 16:43:09,018] basehttp "GET /static/images/favicon.ico HTTP/1.1" 200 15406
INFO [2022-11-18 16:43:34,536] basehttp "GET / HTTP/1.1" 200 35983
INFO [2022-11-18 16:43:34,554] basehttp "GET /static/style.css HTTP/1.1" 200 5644
INFO [2022-11-18 16:43:34,645] basehttp "GET /static/images/LogoCrema.png HTTP/1.1" 200 48193
INFO [2022-11-18 16:43:34,672] basehttp "GET /static/images/LogoAzul.png HTTP/1.1" 200 2987
INFO [2022-11-18 16:43:34,672] basehttp "GET /static/images/Ahorros-invertidos.png HTTP/1.1" 200 16709
INFO [2022-11-18 16:43:34,673] basehttp "GET /static/images/Rentabilidad-promedio1.png HTTP/1.1" 200 20820
INFO [2022-11-18 16:43:34,673] basehttp "GET /static/images/Rentabilidad-promedio.png HTTP/1.1" 200 19682
INFO [2022-11-18 16:43:34,673] basehttp "GET /static/images/bucks.png HTTP/1.1" 200 100713
INFO [2022-11-18 16:43:34,674] basehttp "GET /static/images/first-img.png HTTP/1.1" 200 162794
INFO [2022-11-18 16:43:34,684] basehttp "GET /static/images/Chancho.png HTTP/1.1" 200 81157
INFO [2022-11-18 16:43:34,690] basehttp "GET /static/images/grafico.png HTTP/1.1" 200 6741
INFO [2022-11-18 16:43:34,691] basehttp "GET /static/images/row-circle.png HTTP/1.1" 200 36262
INFO [2022-11-18 16:43:34,692] basehttp "GET /static/images/resultados.png HTTP/1.1" 200 239020
INFO [2022-11-18 16:43:34,693] basehttp "GET /static/images/bolsa.png HTTP/1.1" 200 200411
INFO [2022-11-18 16:43:34,693] basehttp "GET /static/images/grow.png HTTP/1.1" 200 144710
INFO [2022-11-18 16:43:34,694] basehttp "GET /static/images/chancho-inver.png HTTP/1.1" 200 370925
INFO [2022-11-18 16:43:34,701] basehttp "GET /static/images/money-rating.png HTTP/1.1" 200 19337
INFO [2022-11-18 16:43:34,701] basehttp "GET /static/images/tres-chanchos.png HTTP/1.1" 200 23142
INFO [2022-11-18 16:43:34,702] basehttp "GET /static/images/scan-code.png HTTP/1.1" 200 54052
INFO [2022-11-18 16:43:34,702] basehttp "GET /static/images/finniu-app.png HTTP/1.1" 200 98833
INFO [2022-11-18 16:43:34,703] basehttp "GET /static/images/layer-left.png HTTP/1.1" 200 197353
INFO [2022-11-18 16:43:34,708] basehttp "GET /static/images/testimonial/testimonial-1.png HTTP/1.1" 200 46618
INFO [2022-11-18 16:43:34,708] basehttp "GET /static/images/testimonial/testimonial-2.png HTTP/1.1" 200 54597
INFO [2022-11-18 16:43:34,709] basehttp "GET /static/images/layer-right.png HTTP/1.1" 200 240419
INFO [2022-11-18 16:43:34,712] basehttp "GET /static/images/testimonial/testimonial-3.png HTTP/1.1" 200 22478
INFO [2022-11-18 16:43:34,712] basehttp "GET /static/images/Empresa1.png HTTP/1.1" 200 15200
INFO [2022-11-18 16:43:34,720] basehttp "GET /static/images/Empresa2.png HTTP/1.1" 200 9522
INFO [2022-11-18 16:43:34,720] basehttp "GET /static/images/Empresa3.png HTTP/1.1" 200 15536
INFO [2022-11-18 16:43:34,723] basehttp "GET /static/images/Empresa4.png HTTP/1.1" 200 4915
INFO [2022-11-18 16:43:34,739] basehttp "GET /static/images/Empresa5.png HTTP/1.1" 200 27997
INFO [2022-11-18 16:43:34,742] basehttp "GET /static/images/Empresa6.png HTTP/1.1" 200 34709
INFO [2022-11-18 16:43:34,745] basehttp "GET /static/images/wind.png HTTP/1.1" 200 18829
INFO [2022-11-18 16:43:34,747] basehttp "GET /static/images/whatsapp.png HTTP/1.1" 200 11622
INFO [2022-11-18 16:43:34,751] basehttp "GET /static/images/iman.png HTTP/1.1" 200 99233
INFO [2022-11-18 16:43:34,752] basehttp "GET /static/images/linkedin.png HTTP/1.1" 200 9328
INFO [2022-11-18 16:43:34,752] basehttp "GET /static/images/gmail.png HTTP/1.1" 200 7504
INFO [2022-11-18 16:43:34,887] basehttp "GET /static/images/fondo-azul-cortado.png HTTP/1.1" 200 36432
INFO [2022-11-18 16:43:34,888] basehttp "GET /static/images/Fondo-1.png HTTP/1.1" 200 169620
INFO [2022-11-18 16:43:34,889] basehttp "GET /static/images/FondoPE.png HTTP/1.1" 200 279295
INFO [2022-11-18 16:43:34,890] basehttp "GET /static/images/FondoInferior.png HTTP/1.1" 200 314992
INFO [2022-11-18 16:43:34,963] basehttp "GET /static/images/favicon.ico HTTP/1.1" 200 15406
INFO [2022-11-18 16:45:24,841] basehttp "GET / HTTP/1.1" 200 33030
INFO [2022-11-18 16:45:24,855] basehttp "GET /static/style.css HTTP/1.1" 200 5644
INFO [2022-11-18 16:45:24,931] basehttp "GET /static/images/LogoCrema.png HTTP/1.1" 200 48193
INFO [2022-11-18 16:45:24,951] basehttp "GET /static/images/LogoAzul.png HTTP/1.1" 200 2987
INFO [2022-11-18 16:45:24,958] basehttp "GET /static/images/Rentabilidad-promedio.png HTTP/1.1" 200 19682
INFO [2022-11-18 16:45:24,958] basehttp "GET /static/images/Rentabilidad-promedio1.png HTTP/1.1" 200 20820
INFO [2022-11-18 16:45:24,959] basehttp "GET /static/images/Ahorros-invertidos.png HTTP/1.1" 200 16709
INFO [2022-11-18 16:45:24,959] basehttp "GET /static/images/Chancho.png HTTP/1.1" 200 81157
INFO [2022-11-18 16:45:24,960] basehttp "GET /static/images/bucks.png HTTP/1.1" 200 100713
INFO [2022-11-18 16:45:24,960] basehttp "GET /static/images/first-img.png HTTP/1.1" 200 162794
INFO [2022-11-18 16:45:24,967] basehttp "GET /static/images/grafico.png HTTP/1.1" 200 6741
INFO [2022-11-18 16:45:24,968] basehttp "GET /static/images/row-circle.png HTTP/1.1" 200 36262
INFO [2022-11-18 16:45:24,969] basehttp "GET /static/images/grow.png HTTP/1.1" 200 144710
INFO [2022-11-18 16:45:24,970] basehttp "GET /static/images/bolsa.png HTTP/1.1" 200 200411
INFO [2022-11-18 16:45:24,971] basehttp "GET /static/images/resultados.png HTTP/1.1" 200 239020
INFO [2022-11-18 16:45:24,971] basehttp "GET /static/images/chancho-inver.png HTTP/1.1" 200 370925
INFO [2022-11-18 16:45:24,976] basehttp "GET /static/images/tres-chanchos.png HTTP/1.1" 200 23142
INFO [2022-11-18 16:45:24,976] basehttp "GET /static/images/money-rating.png HTTP/1.1" 200 19337
INFO [2022-11-18 16:45:24,976] basehttp "GET /static/images/scan-code.png HTTP/1.1" 200 54052
INFO [2022-11-18 16:45:24,977] basehttp "GET /static/images/finniu-app.png HTTP/1.1" 200 98833
INFO [2022-11-18 16:45:24,977] basehttp "GET /static/images/layer-left.png HTTP/1.1" 200 197353
INFO [2022-11-18 16:45:24,981] basehttp "GET /static/images/Empresa1.png HTTP/1.1" 200 15200
INFO [2022-11-18 16:45:24,982] basehttp "GET /static/images/layer-right.png HTTP/1.1" 200 240419
INFO [2022-11-18 16:45:24,984] basehttp "GET /static/images/Empresa2.png HTTP/1.1" 200 9522
INFO [2022-11-18 16:45:24,985] basehttp "GET /static/images/Empresa3.png HTTP/1.1" 200 15536
INFO [2022-11-18 16:45:24,988] basehttp "GET /static/images/Empresa4.png HTTP/1.1" 200 4915
INFO [2022-11-18 16:45:25,014] basehttp "GET /static/images/Empresa5.png HTTP/1.1" 200 27997
INFO [2022-11-18 16:45:25,016] basehttp "GET /static/images/Empresa6.png HTTP/1.1" 200 34709
INFO [2022-11-18 16:45:25,019] basehttp "GET /static/images/wind.png HTTP/1.1" 200 18829
INFO [2022-11-18 16:45:25,030] basehttp "GET /static/images/linkedin.png HTTP/1.1" 200 9328
INFO [2022-11-18 16:45:25,030] basehttp "GET /static/images/whatsapp.png HTTP/1.1" 200 11622
INFO [2022-11-18 16:45:25,030] basehttp "GET /static/images/gmail.png HTTP/1.1" 200 7504
INFO [2022-11-18 16:45:25,031] basehttp "GET /static/images/iman.png HTTP/1.1" 200 99233
INFO [2022-11-18 16:45:25,267] basehttp "GET /static/images/fondo-azul-cortado.png HTTP/1.1" 200 36432
INFO [2022-11-18 16:45:25,268] basehttp "GET /static/images/Fondo-1.png HTTP/1.1" 200 169620
INFO [2022-11-18 16:45:25,269] basehttp "GET /static/images/FondoPE.png HTTP/1.1" 200 279295
INFO [2022-11-18 16:45:25,270] basehttp "GET /static/images/FondoInferior.png HTTP/1.1" 200 314992
INFO [2022-11-18 16:45:25,344] basehttp "GET /static/images/favicon.ico HTTP/1.1" 200 15406
INFO [2022-11-18 16:45:41,581] basehttp "GET / HTTP/1.1" 200 36013
INFO [2022-11-18 16:45:41,594] basehttp "GET /static/style.css HTTP/1.1" 200 5644
INFO [2022-11-18 16:45:41,680] basehttp "GET /static/images/LogoCrema.png HTTP/1.1" 200 48193
INFO [2022-11-18 16:45:41,698] basehttp "GET /static/images/LogoAzul.png HTTP/1.1" 200 2987
INFO [2022-11-18 16:45:41,708] basehttp "GET /static/images/Ahorros-invertidos.png HTTP/1.1" 200 16709
INFO [2022-11-18 16:45:41,708] basehttp "GET /static/images/Rentabilidad-promedio1.png HTTP/1.1" 200 20820
INFO [2022-11-18 16:45:41,709] basehttp "GET /static/images/Rentabilidad-promedio.png HTTP/1.1" 200 19682
INFO [2022-11-18 16:45:41,710] basehttp "GET /static/images/bucks.png HTTP/1.1" 200 100713
INFO [2022-11-18 16:45:41,710] basehttp "GET /static/images/Chancho.png HTTP/1.1" 200 81157
INFO [2022-11-18 16:45:41,710] basehttp "GET /static/images/first-img.png HTTP/1.1" 200 162794
INFO [2022-11-18 16:45:41,718] basehttp "GET /static/images/grafico.png HTTP/1.1" 200 6741
INFO [2022-11-18 16:45:41,719] basehttp "GET /static/images/row-circle.png HTTP/1.1" 200 36262
INFO [2022-11-18 16:45:41,721] basehttp "GET /static/images/grow.png HTTP/1.1" 200 144710
INFO [2022-11-18 16:45:41,722] basehttp "GET /static/images/bolsa.png HTTP/1.1" 200 200411
INFO [2022-11-18 16:45:41,722] basehttp "GET /static/images/resultados.png HTTP/1.1" 200 239020
INFO [2022-11-18 16:45:41,723] basehttp "GET /static/images/chancho-inver.png HTTP/1.1" 200 370925
INFO [2022-11-18 16:45:41,728] basehttp "GET /static/images/money-rating.png HTTP/1.1" 200 19337
INFO [2022-11-18 16:45:41,730] basehttp "GET /static/images/layer-right.png HTTP/1.1" 200 240419
INFO [2022-11-18 16:45:41,730] basehttp "GET /static/images/finniu-app.png HTTP/1.1" 200 98833
INFO [2022-11-18 16:45:41,731] basehttp "GET /static/images/tres-chanchos.png HTTP/1.1" 200 23142
INFO [2022-11-18 16:45:41,731] basehttp "GET /static/images/scan-code.png HTTP/1.1" 200 54052
INFO [2022-11-18 16:45:41,732] basehttp "GET /static/images/layer-left.png HTTP/1.1" 200 197353
INFO [2022-11-18 16:45:41,737] basehttp "GET /static/images/Empresa1.png HTTP/1.1" 200 15200
INFO [2022-11-18 16:45:41,737] basehttp "GET /static/images/testimonial/testimonial-3.png HTTP/1.1" 200 22478
INFO [2022-11-18 16:45:41,738] basehttp "GET /static/images/testimonial/testimonial-2.png HTTP/1.1" 200 54597
INFO [2022-11-18 16:45:41,738] basehttp "GET /static/images/testimonial/testimonial-1.png HTTP/1.1" 200 46618
INFO [2022-11-18 16:45:41,744] basehttp "GET /static/images/Empresa4.png HTTP/1.1" 200 4915
INFO [2022-11-18 16:45:41,744] basehttp "GET /static/images/Empresa2.png HTTP/1.1" 200 9522
INFO [2022-11-18 16:45:41,744] basehttp "GET /static/images/Empresa3.png HTTP/1.1" 200 15536
INFO [2022-11-18 16:45:41,747] basehttp "GET /static/images/Empresa5.png HTTP/1.1" 200 27997
INFO [2022-11-18 16:45:41,749] basehttp "GET /static/images/Empresa6.png HTTP/1.1" 200 34709
INFO [2022-11-18 16:45:41,751] basehttp "GET /static/images/wind.png HTTP/1.1" 200 18829
INFO [2022-11-18 16:45:41,753] basehttp "GET /static/images/whatsapp.png HTTP/1.1" 200 11622
INFO [2022-11-18 16:45:41,755] basehttp "GET /static/images/linkedin.png HTTP/1.1" 200 9328
INFO [2022-11-18 16:45:41,775] basehttp "GET /static/images/gmail.png HTTP/1.1" 200 7504
INFO [2022-11-18 16:45:41,775] basehttp "GET /static/images/iman.png HTTP/1.1" 200 99233
INFO [2022-11-18 16:45:41,917] basehttp "GET /static/images/Fondo-1.png HTTP/1.1" 200 169620
INFO [2022-11-18 16:45:41,918] basehttp "GET /static/images/FondoInferior.png HTTP/1.1" 200 314992
INFO [2022-11-18 16:45:41,918] basehttp "GET /static/images/fondo-azul-cortado.png HTTP/1.1" 200 36432
INFO [2022-11-18 16:45:41,919] basehttp "GET /static/images/FondoPE.png HTTP/1.1" 200 279295
INFO [2022-11-18 16:45:41,991] basehttp "GET /static/images/favicon.ico HTTP/1.1" 200 15406
INFO [2022-11-18 16:47:01,995] basehttp "GET / HTTP/1.1" 200 40876
INFO [2022-11-18 16:47:02,008] basehttp "GET /static/style.css HTTP/1.1" 200 5644
INFO [2022-11-18 16:47:02,075] basehttp "GET /static/images/LogoCrema.png HTTP/1.1" 200 48193
INFO [2022-11-18 16:47:02,102] basehttp "GET /static/images/LogoAzul.png HTTP/1.1" 200 2987
INFO [2022-11-18 16:47:02,103] basehttp "GET /static/images/Rentabilidad-promedio.png HTTP/1.1" 200 19682
INFO [2022-11-18 16:47:02,104] basehttp "GET /static/images/Rentabilidad-promedio1.png HTTP/1.1" 200 20820
INFO [2022-11-18 16:47:02,104] basehttp "GET /static/images/Ahorros-invertidos.png HTTP/1.1" 200 16709
INFO [2022-11-18 16:47:02,105] basehttp "GET /static/images/bucks.png HTTP/1.1" 200 100713
INFO [2022-11-18 16:47:02,105] basehttp "GET /static/images/first-img.png HTTP/1.1" 200 162794
INFO [2022-11-18 16:47:02,113] basehttp "GET /static/images/row-circle.png HTTP/1.1" 200 36262
INFO [2022-11-18 16:47:02,113] basehttp "GET /static/images/plans-img/wallet.png HTTP/1.1" 200 40614
INFO [2022-11-18 16:47:02,114] basehttp "GET /static/images/Chancho.png HTTP/1.1" 200 81157
INFO [2022-11-18 16:47:02,115] basehttp "GET /static/images/plans-img/money1.png HTTP/1.1" 200 143096
INFO [2022-11-18 16:47:02,115] basehttp "GET /static/images/bolsa.png HTTP/1.1" 200 200411
INFO [2022-11-18 16:47:02,116] basehttp "GET /static/images/resultados.png HTTP/1.1" 200 239020
INFO [2022-11-18 16:47:02,121] basehttp "GET /static/images/grafico.png HTTP/1.1" 200 6741
INFO [2022-11-18 16:47:02,123] basehttp "GET /static/images/finniu-app.png HTTP/1.1" 200 98833
INFO [2022-11-18 16:47:02,123] basehttp "GET /static/images/plans-img/bucks.png HTTP/1.1" 200 100713
INFO [2022-11-18 16:47:02,124] basehttp "GET /static/images/plans-img/coins-scale.png HTTP/1.1" 200 131947
INFO [2022-11-18 16:47:02,124] basehttp "GET /static/images/grow.png HTTP/1.1" 200 144710
INFO [2022-11-18 16:47:02,125] basehttp "GET /static/images/chancho-inver.png HTTP/1.1" 200 370925
INFO [2022-11-18 16:47:02,127] basehttp "GET /static/images/tres-chanchos.png HTTP/1.1" 200 23142
INFO [2022-11-18 16:47:02,127] basehttp "GET /static/images/money-rating.png HTTP/1.1" 200 19337
INFO [2022-11-18 16:47:02,128] basehttp "GET /static/images/layer-left.png HTTP/1.1" 200 197353
INFO [2022-11-18 16:47:02,131] basehttp "GET /static/images/scan-code.png HTTP/1.1" 200 54052
INFO [2022-11-18 16:47:02,131] basehttp "GET /static/images/layer-right.png HTTP/1.1" 200 240419
INFO [2022-11-18 16:47:02,134] basehttp "GET /static/images/testimonial/testimonial-2.png HTTP/1.1" 200 54597
INFO [2022-11-18 16:47:02,134] basehttp "GET /static/images/testimonial/testimonial-1.png HTTP/1.1" 200 46618
INFO [2022-11-18 16:47:02,136] basehttp "GET /static/images/testimonial/testimonial-3.png HTTP/1.1" 200 22478
INFO [2022-11-18 16:47:02,137] basehttp "GET /static/images/Empresa1.png HTTP/1.1" 200 15200
INFO [2022-11-18 16:47:02,139] basehttp "GET /static/images/Empresa2.png HTTP/1.1" 200 9522
INFO [2022-11-18 16:47:02,166] basehttp "GET /static/images/Empresa4.png HTTP/1.1" 200 4915
INFO [2022-11-18 16:47:02,167] basehttp "GET /static/images/Empresa3.png HTTP/1.1" 200 15536
INFO [2022-11-18 16:47:02,171] basehttp "GET /static/images/Empresa5.png HTTP/1.1" 200 27997
INFO [2022-11-18 16:47:02,171] basehttp "GET /static/images/Empresa6.png HTTP/1.1" 200 34709
INFO [2022-11-18 16:47:02,174] basehttp "GET /static/images/wind.png HTTP/1.1" 200 18829
INFO [2022-11-18 16:47:02,174] basehttp "GET /static/images/whatsapp.png HTTP/1.1" 200 11622
INFO [2022-11-18 16:47:02,175] basehttp "GET /static/images/linkedin.png HTTP/1.1" 200 9328
INFO [2022-11-18 16:47:02,178] basehttp "GET /static/images/gmail.png HTTP/1.1" 200 7504
INFO [2022-11-18 16:47:02,178] basehttp "GET /static/images/iman.png HTTP/1.1" 200 99233
INFO [2022-11-18 16:47:02,391] basehttp "GET /static/images/fondo-azul-cortado.png HTTP/1.1" 200 36432
INFO [2022-11-18 16:47:02,393] basehttp "GET /static/images/Fondo-1.png HTTP/1.1" 200 169620
INFO [2022-11-18 16:47:02,394] basehttp "GET /static/images/FondoInferior.png HTTP/1.1" 200 314992
INFO [2022-11-18 16:47:02,394] basehttp "GET /static/images/FondoPE.png HTTP/1.1" 200 279295
INFO [2022-11-18 16:47:02,454] basehttp "GET /static/images/favicon.ico HTTP/1.1" 200 15406
INFO [2022-11-18 16:47:46,618] basehttp "GET / HTTP/1.1" 200 40920
INFO [2022-11-18 16:47:46,633] basehttp "GET /static/style.css HTTP/1.1" 200 5644
INFO [2022-11-18 16:47:46,712] basehttp "GET /static/images/LogoCrema.png HTTP/1.1" 200 48193
INFO [2022-11-18 16:47:46,727] basehttp "GET /static/images/LogoAzul.png HTTP/1.1" 200 2987
INFO [2022-11-18 16:47:46,727] basehttp "GET /static/images/Ahorros-invertidos.png HTTP/1.1" 200 16709
INFO [2022-11-18 16:47:46,728] basehttp "GET /static/images/Rentabilidad-promedio1.png HTTP/1.1" 200 20820
INFO [2022-11-18 16:47:46,728] basehttp "GET /static/images/Rentabilidad-promedio.png HTTP/1.1" 200 19682
INFO [2022-11-18 16:47:46,728] basehttp "GET /static/images/bucks.png HTTP/1.1" 200 100713
INFO [2022-11-18 16:47:46,729] basehttp "GET /static/images/first-img.png HTTP/1.1" 200 162794
INFO [2022-11-18 16:47:46,735] basehttp "GET /static/images/plans-img/wallet.png HTTP/1.1" 200 40614
INFO [2022-11-18 16:47:46,736] basehttp "GET /static/images/row-circle.png HTTP/1.1" 200 36262
INFO [2022-11-18 16:47:46,736] basehttp "GET /static/images/Chancho.png HTTP/1.1" 200 81157
INFO [2022-11-18 16:47:46,737] basehttp "GET /static/images/plans-img/money1.png HTTP/1.1" 200 143096
INFO [2022-11-18 16:47:46,737] basehttp "GET /static/images/bolsa.png HTTP/1.1" 200 200411
INFO [2022-11-18 16:47:46,738] basehttp "GET /static/images/resultados.png HTTP/1.1" 200 239020
INFO [2022-11-18 16:47:46,743] basehttp "GET /static/images/grafico.png HTTP/1.1" 200 6741
INFO [2022-11-18 16:47:46,745] basehttp "GET /static/images/plans-img/bucks.png HTTP/1.1" 200 100713
INFO [2022-11-18 16:47:46,745] basehttp "GET /static/images/finniu-app.png HTTP/1.1" 200 98833
INFO [2022-11-18 16:47:46,746] basehttp "GET /static/images/grow.png HTTP/1.1" 200 144710
INFO [2022-11-18 16:47:46,746] basehttp "GET /static/images/plans-img/coins-scale.png HTTP/1.1" 200 131947
INFO [2022-11-18 16:47:46,747] basehttp "GET /static/images/chancho-inver.png HTTP/1.1" 200 370925
INFO [2022-11-18 16:47:46,751] basehttp "GET /static/images/money-rating.png HTTP/1.1" 200 19337
INFO [2022-11-18 16:47:46,751] basehttp "GET /static/images/tres-chanchos.png HTTP/1.1" 200 23142
INFO [2022-11-18 16:47:46,751] basehttp "GET /static/images/layer-left.png HTTP/1.1" 200 197353
INFO [2022-11-18 16:47:46,754] basehttp "GET /static/images/scan-code.png HTTP/1.1" 200 54052
INFO [2022-11-18 16:47:46,755] basehttp "GET /static/images/layer-right.png HTTP/1.1" 200 240419
INFO [2022-11-18 16:47:46,757] basehttp "GET /static/images/testimonial/testimonial-1.png HTTP/1.1" 200 46618
INFO [2022-11-18 16:47:46,758] basehttp "GET /static/images/testimonial/testimonial-2.png HTTP/1.1" 200 54597
INFO [2022-11-18 16:47:46,759] basehttp "GET /static/images/testimonial/testimonial-3.png HTTP/1.1" 200 22478
INFO [2022-11-18 16:47:46,761] basehttp "GET /static/images/Empresa1.png HTTP/1.1" 200 15200
INFO [2022-11-18 16:47:46,763] basehttp "GET /static/images/Empresa2.png HTTP/1.1" 200 9522
INFO [2022-11-18 16:47:46,790] basehttp "GET /static/images/Empresa4.png HTTP/1.1" 200 4915
INFO [2022-11-18 16:47:46,791] basehttp "GET /static/images/Empresa3.png HTTP/1.1" 200 15536
INFO [2022-11-18 16:47:46,793] basehttp "GET /static/images/Empresa5.png HTTP/1.1" 200 27997
INFO [2022-11-18 16:47:46,795] basehttp "GET /static/images/whatsapp.png HTTP/1.1" 200 11622
INFO [2022-11-18 16:47:46,795] basehttp "GET /static/images/wind.png HTTP/1.1" 200 18829
INFO [2022-11-18 16:47:46,795] basehttp "GET /static/images/Empresa6.png HTTP/1.1" 200 34709
INFO [2022-11-18 16:47:46,799] basehttp "GET /static/images/gmail.png HTTP/1.1" 200 7504
INFO [2022-11-18 16:47:46,799] basehttp "GET /static/images/linkedin.png HTTP/1.1" 200 9328
INFO [2022-11-18 16:47:46,800] basehttp "GET /static/images/iman.png HTTP/1.1" 200 99233
INFO [2022-11-18 16:47:46,853] basehttp "GET /static/images/Fondo-1.png HTTP/1.1" 200 169620
INFO [2022-11-18 16:47:46,853] basehttp "GET /static/images/FondoPE.png HTTP/1.1" 200 279295
INFO [2022-11-18 16:47:46,855] basehttp "GET /static/images/fondo-azul-cortado.png HTTP/1.1" 200 36432
INFO [2022-11-18 16:47:46,856] basehttp "GET /static/images/FondoInferior.png HTTP/1.1" 200 314992
INFO [2022-11-18 16:47:46,941] basehttp "GET /static/images/favicon.ico HTTP/1.1" 200 15406
INFO [2022-11-18 16:48:55,076] basehttp "GET / HTTP/1.1" 200 40914
INFO [2022-11-18 16:48:55,088] basehttp "GET /static/style.css HTTP/1.1" 200 5644
INFO [2022-11-18 16:48:55,157] basehttp "GET /static/images/LogoCrema.png HTTP/1.1" 200 48193
INFO [2022-11-18 16:48:55,168] basehttp "GET /static/images/LogoAzul.png HTTP/1.1" 200 2987
INFO [2022-11-18 16:48:55,169] basehttp "GET /static/images/Rentabilidad-promedio1.png HTTP/1.1" 200 20820
INFO [2022-11-18 16:48:55,169] basehttp "GET /static/images/Ahorros-invertidos.png HTTP/1.1" 200 16709
INFO [2022-11-18 16:48:55,170] basehttp "GET /static/images/Rentabilidad-promedio.png HTTP/1.1" 200 19682
INFO [2022-11-18 16:48:55,170] basehttp "GET /static/images/bucks.png HTTP/1.1" 200 100713
INFO [2022-11-18 16:48:55,171] basehttp "GET /static/images/first-img.png HTTP/1.1" 200 162794
INFO [2022-11-18 16:48:55,177] basehttp "GET /static/images/Chancho.png HTTP/1.1" 200 81157
INFO [2022-11-18 16:48:55,177] basehttp "GET /static/images/row-circle.png HTTP/1.1" 200 36262
INFO [2022-11-18 16:48:55,179] basehttp "GET /static/images/plans-img/money1.png HTTP/1.1" 200 143096
INFO [2022-11-18 16:48:55,179] basehttp "GET /static/images/resultados.png HTTP/1.1" 200 239020
INFO [2022-11-18 16:48:55,179] basehttp "GET /static/images/bolsa.png HTTP/1.1" 200 200411
INFO [2022-11-18 16:48:55,183] basehttp "GET /static/images/grafico.png HTTP/1.1" 200 6741
INFO [2022-11-18 16:48:55,184] basehttp "GET /static/images/plans-img/wallet.png HTTP/1.1" 200 40614
INFO [2022-11-18 16:48:55,185] basehttp "GET /static/images/plans-img/bucks.png HTTP/1.1" 200 100713
INFO [2022-11-18 16:48:55,185] basehttp "GET /static/images/plans-img/coins-scale.png HTTP/1.1" 200 131947
INFO [2022-11-18 16:48:55,186] basehttp "GET /static/images/grow.png HTTP/1.1" 200 144710
INFO [2022-11-18 16:48:55,191] basehttp "GET /static/images/tres-chanchos.png HTTP/1.1" 200 23142
INFO [2022-11-18 16:48:55,192] basehttp "GET /static/images/chancho-inver.png HTTP/1.1" 200 370925
INFO [2022-11-18 16:48:55,192] basehttp "GET /static/images/finniu-app.png HTTP/1.1" 200 98833
INFO [2022-11-18 16:48:55,194] basehttp "GET /static/images/money-rating.png HTTP/1.1" 200 19337
INFO [2022-11-18 16:48:55,195] basehttp "GET /static/images/layer-left.png HTTP/1.1" 200 197353
INFO [2022-11-18 16:48:55,196] basehttp "GET /static/images/scan-code.png HTTP/1.1" 200 54052
INFO [2022-11-18 16:48:55,218] basehttp "GET /static/images/layer-right.png HTTP/1.1" 200 240419
INFO [2022-11-18 16:48:55,220] basehttp "GET /static/images/testimonial/testimonial-1.png HTTP/1.1" 200 46618
INFO [2022-11-18 16:48:55,222] basehttp "GET /static/images/testimonial/testimonial-2.png HTTP/1.1" 200 54597
INFO [2022-11-18 16:48:55,235] basehttp "GET /static/images/Empresa1.png HTTP/1.1" 200 15200
INFO [2022-11-18 16:48:55,235] basehttp "GET /static/images/testimonial/testimonial-3.png HTTP/1.1" 200 22478
INFO [2022-11-18 16:48:55,239] basehttp "GET /static/images/Empresa2.png HTTP/1.1" 200 9522
INFO [2022-11-18 16:48:55,240] basehttp "GET /static/images/Empresa4.png HTTP/1.1" 200 4915
INFO [2022-11-18 16:48:55,240] basehttp "GET /static/images/Empresa3.png HTTP/1.1" 200 15536
INFO [2022-11-18 16:48:55,240] basehttp "GET /static/images/Empresa5.png HTTP/1.1" 200 27997
INFO [2022-11-18 16:48:55,244] basehttp "GET /static/images/whatsapp.png HTTP/1.1" 200 11622
INFO [2022-11-18 16:48:55,245] basehttp "GET /static/images/wind.png HTTP/1.1" 200 18829
INFO [2022-11-18 16:48:55,245] basehttp "GET /static/images/Empresa6.png HTTP/1.1" 200 34709
INFO [2022-11-18 16:48:55,248] basehttp "GET /static/images/linkedin.png HTTP/1.1" 200 9328
INFO [2022-11-18 16:48:55,248] basehttp "GET /static/images/gmail.png HTTP/1.1" 200 7504
INFO [2022-11-18 16:48:55,249] basehttp "GET /static/images/iman.png HTTP/1.1" 200 99233
INFO [2022-11-18 16:48:55,730] basehttp "GET /static/images/Fondo-1.png HTTP/1.1" 200 169620
INFO [2022-11-18 16:48:55,731] basehttp "GET /static/images/FondoPE.png HTTP/1.1" 200 279295
INFO [2022-11-18 16:48:55,732] basehttp "GET /static/images/fondo-azul-cortado.png HTTP/1.1" 200 36432
INFO [2022-11-18 16:48:55,733] basehttp "GET /static/images/FondoInferior.png HTTP/1.1" 200 314992
INFO [2022-11-18 16:48:55,811] basehttp "GET /static/images/favicon.ico HTTP/1.1" 200 15406
INFO [2022-11-18 16:51:10,194] basehttp "GET / HTTP/1.1" 200 40988
INFO [2022-11-18 16:51:10,207] basehttp "GET /static/style.css HTTP/1.1" 200 5701
INFO [2022-11-18 16:51:10,269] basehttp "GET /static/images/LogoCrema.png HTTP/1.1" 200 48193
INFO [2022-11-18 16:51:10,277] basehttp "GET /static/images/LogoAzul.png HTTP/1.1" 200 2987
INFO [2022-11-18 16:51:10,284] basehttp "GET /static/images/Rentabilidad-promedio.png HTTP/1.1" 200 19682
INFO [2022-11-18 16:51:10,284] basehttp "GET /static/images/Rentabilidad-promedio1.png HTTP/1.1" 200 20820
INFO [2022-11-18 16:51:10,285] basehttp "GET /static/images/Ahorros-invertidos.png HTTP/1.1" 200 16709
INFO [2022-11-18 16:51:10,286] basehttp "GET /static/images/bucks.png HTTP/1.1" 200 100713
INFO [2022-11-18 16:51:10,286] basehttp "GET /static/images/Chancho.png HTTP/1.1" 200 81157
INFO [2022-11-18 16:51:10,286] basehttp "GET /static/images/first-img.png HTTP/1.1" 200 162794
INFO [2022-11-18 16:51:10,294] basehttp "GET /static/images/row-circle.png HTTP/1.1" 200 36262
INFO [2022-11-18 16:51:10,295] basehttp "GET /static/images/plans-img/wallet.png HTTP/1.1" 200 40614
INFO [2022-11-18 16:51:10,296] basehttp "GET /static/images/plans-img/bucks.png HTTP/1.1" 200 100713
INFO [2022-11-18 16:51:10,296] basehttp "GET /static/images/plans-img/money1.png HTTP/1.1" 200 143096
INFO [2022-11-18 16:51:10,297] basehttp "GET /static/images/bolsa.png HTTP/1.1" 200 200411
INFO [2022-11-18 16:51:10,297] basehttp "GET /static/images/resultados.png HTTP/1.1" 200 239020
INFO [2022-11-18 16:51:10,302] basehttp "GET /static/images/grafico.png HTTP/1.1" 200 6741
INFO [2022-11-18 16:51:10,303] basehttp "GET /static/images/tres-chanchos.png HTTP/1.1" 200 23142
INFO [2022-11-18 16:51:10,304] basehttp "GET /static/images/plans-img/coins-scale.png HTTP/1.1" 200 131947
INFO [2022-11-18 16:51:10,304] basehttp "GET /static/images/finniu-app.png HTTP/1.1" 200 98833
INFO [2022-11-18 16:51:10,305] basehttp "GET /static/images/chancho-inver.png HTTP/1.1" 200 370925
INFO [2022-11-18 16:51:10,306] basehttp "GET /static/images/grow.png HTTP/1.1" 200 144710
INFO [2022-11-18 16:51:10,309] basehttp "GET /static/images/money-rating.png HTTP/1.1" 200 19337
INFO [2022-11-18 16:51:10,310] basehttp "GET /static/images/scan-code.png HTTP/1.1" 200 54052
INFO [2022-11-18 16:51:10,311] basehttp "GET /static/images/layer-left.png HTTP/1.1" 200 197353
INFO [2022-11-18 16:51:10,311] basehttp "GET /static/images/layer-right.png HTTP/1.1" 200 240419
INFO [2022-11-18 16:51:10,313] basehttp "GET /static/images/testimonial/testimonial-1.png HTTP/1.1" 200 46618
INFO [2022-11-18 16:51:10,315] basehttp "GET /static/images/testimonial/testimonial-3.png HTTP/1.1" 200 22478
INFO [2022-11-18 16:51:10,315] basehttp "GET /static/images/testimonial/testimonial-2.png HTTP/1.1" 200 54597
INFO [2022-11-18 16:51:10,317] basehttp "GET /static/images/Empresa1.png HTTP/1.1" 200 15200
INFO [2022-11-18 16:51:10,319] basehttp "GET /static/images/Empresa2.png HTTP/1.1" 200 9522
INFO [2022-11-18 16:51:10,350] basehttp "GET /static/images/Empresa3.png HTTP/1.1" 200 15536
INFO [2022-11-18 16:51:10,351] basehttp "GET /static/images/Empresa4.png HTTP/1.1" 200 4915
INFO [2022-11-18 16:51:10,354] basehttp "GET /static/images/Empresa5.png HTTP/1.1" 200 27997
INFO [2022-11-18 16:51:10,354] basehttp "GET /static/images/Empresa6.png HTTP/1.1" 200 34709
INFO [2022-11-18 16:51:10,358] basehttp "GET /static/images/linkedin.png HTTP/1.1" 200 9328
INFO [2022-11-18 16:51:10,359] basehttp "GET /static/images/gmail.png HTTP/1.1" 200 7504
INFO [2022-11-18 16:51:10,359] basehttp "GET /static/images/wind.png HTTP/1.1" 200 18829
INFO [2022-11-18 16:51:10,359] basehttp "GET /static/images/whatsapp.png HTTP/1.1" 200 11622
INFO [2022-11-18 16:51:10,362] basehttp "GET /static/images/iman.png HTTP/1.1" 200 99233
INFO [2022-11-18 16:51:10,606] basehttp "GET /static/images/Fondo-1.png HTTP/1.1" 200 169620
INFO [2022-11-18 16:51:10,607] basehttp "GET /static/images/FondoPE.png HTTP/1.1" 200 279295
INFO [2022-11-18 16:51:10,610] basehttp "GET /static/images/FondoInferior.png HTTP/1.1" 200 314992
INFO [2022-11-18 16:51:10,610] basehttp "GET /static/images/fondo-azul-cortado.png HTTP/1.1" 200 36432
INFO [2022-11-18 16:51:10,693] basehttp "GET /static/images/favicon.ico HTTP/1.1" 200 15406
INFO [2022-11-18 16:51:27,505] basehttp "GET /static/style.css HTTP/1.1" 304 0
INFO [2022-11-18 16:52:59,395] basehttp "GET / HTTP/1.1" 200 41717
INFO [2022-11-18 16:52:59,411] basehttp "GET /static/style.css HTTP/1.1" 200 5701
INFO [2022-11-18 16:52:59,489] basehttp "GET /static/images/LogoCrema.png HTTP/1.1" 200 48193
INFO [2022-11-18 16:52:59,512] basehttp "GET /static/images/LogoAzul.png HTTP/1.1" 200 2987
INFO [2022-11-18 16:52:59,513] basehttp "GET /static/images/Rentabilidad-promedio1.png HTTP/1.1" 200 20820
INFO [2022-11-18 16:52:59,513] basehttp "GET /static/images/Rentabilidad-promedio.png HTTP/1.1" 200 19682
INFO [2022-11-18 16:52:59,513] basehttp "GET /static/images/Ahorros-invertidos.png HTTP/1.1" 200 16709
INFO [2022-11-18 16:52:59,514] basehttp "GET /static/images/bucks.png HTTP/1.1" 200 100713
INFO [2022-11-18 16:52:59,515] basehttp "GET /static/images/first-img.png HTTP/1.1" 200 162794
INFO [2022-11-18 16:52:59,523] basehttp "GET /static/images/row-circle.png HTTP/1.1" 200 36262
INFO [2022-11-18 16:52:59,523] basehttp "GET /static/images/plans-img/wallet.png HTTP/1.1" 200 40614
INFO [2022-11-18 16:52:59,524] basehttp "GET /static/images/Chancho.png HTTP/1.1" 200 81157
INFO [2022-11-18 16:52:59,525] basehttp "GET /static/images/plans-img/money1.png HTTP/1.1" 200 143096
INFO [2022-11-18 16:52:59,526] basehttp "GET /static/images/bolsa.png HTTP/1.1" 200 200411
INFO [2022-11-18 16:52:59,527] basehttp "GET /static/images/resultados.png HTTP/1.1" 200 239020
INFO [2022-11-18 16:52:59,533] basehttp "GET /static/images/grafico.png HTTP/1.1" 200 6741
INFO [2022-11-18 16:52:59,535] basehttp "GET /static/images/finniu-app.png HTTP/1.1" 200 98833
INFO [2022-11-18 16:52:59,536] basehttp "GET /static/images/plans-img/bucks.png HTTP/1.1" 200 100713
INFO [2022-11-18 16:52:59,538] basehttp "GET /static/images/grow.png HTTP/1.1" 200 144710
INFO [2022-11-18 16:52:59,538] basehttp "GET /static/images/plans-img/coins-scale.png HTTP/1.1" 200 131947
INFO [2022-11-18 16:52:59,539] basehttp "GET /static/images/chancho-inver.png HTTP/1.1" 200 370925
INFO [2022-11-18 16:52:59,543] basehttp "GET /static/images/Empresa1.png HTTP/1.1" 200 15200
INFO [2022-11-18 16:52:59,543] basehttp "GET /static/images/money-rating.png HTTP/1.1" 200 19337
INFO [2022-11-18 16:52:59,543] basehttp "GET /static/images/scan-code.png HTTP/1.1" 200 54052
INFO [2022-11-18 16:52:59,544] basehttp "GET /static/images/tres-chanchos.png HTTP/1.1" 200 23142
INFO [2022-11-18 16:52:59,545] basehttp "GET /static/images/layer-left.png HTTP/1.1" 200 197353
INFO [2022-11-18 16:52:59,550] basehttp "GET /static/images/testimonial/testimonial-1.png HTTP/1.1" 200 46618
INFO [2022-11-18 16:52:59,550] basehttp "GET /static/images/testimonial/testimonial-2.png HTTP/1.1" 200 54597
INFO [2022-11-18 16:52:59,552] basehttp "GET /static/images/layer-right.png HTTP/1.1" 200 240419
INFO [2022-11-18 16:52:59,553] basehttp "GET /static/images/testimonial/testimonial-3.png HTTP/1.1" 200 22478
INFO [2022-11-18 16:52:59,557] basehttp "GET /static/images/Empresa3.png HTTP/1.1" 200 15536
INFO [2022-11-18 16:52:59,557] basehttp "GET /static/images/Empresa2.png HTTP/1.1" 200 9522
INFO [2022-11-18 16:52:59,563] basehttp "GET /static/images/Empresa4.png HTTP/1.1" 200 4915
INFO [2022-11-18 16:52:59,583] basehttp "GET /static/images/Empresa5.png HTTP/1.1" 200 27997
INFO [2022-11-18 16:52:59,586] basehttp "GET /static/images/wind.png HTTP/1.1" 200 18829
INFO [2022-11-18 16:52:59,586] basehttp "GET /static/images/Empresa6.png HTTP/1.1" 200 34709
INFO [2022-11-18 16:52:59,590] basehttp "GET /static/images/linkedin.png HTTP/1.1" 200 9328
INFO [2022-11-18 16:52:59,590] basehttp "GET /static/images/whatsapp.png HTTP/1.1" 200 11622
INFO [2022-11-18 16:52:59,591] basehttp "GET /static/images/gmail.png HTTP/1.1" 200 7504
INFO [2022-11-18 16:52:59,593] basehttp "GET /static/images/iman.png HTTP/1.1" 200 99233
INFO [2022-11-18 16:52:59,811] basehttp "GET /static/images/Fondo-1.png HTTP/1.1" 200 169620
INFO [2022-11-18 16:52:59,812] basehttp "GET /static/images/FondoPE.png HTTP/1.1" 200 279295
INFO [2022-11-18 16:52:59,815] basehttp "GET /static/images/fondo-azul-cortado.png HTTP/1.1" 200 36432
INFO [2022-11-18 16:52:59,815] basehttp "GET /static/images/FondoInferior.png HTTP/1.1" 200 314992
INFO [2022-11-18 16:52:59,899] basehttp "GET /static/images/favicon.ico HTTP/1.1" 200 15406
INFO [2022-11-18 16:54:12,836] basehttp "GET / HTTP/1.1" 200 41715
INFO [2022-11-18 16:54:12,851] basehttp "GET /static/style.css HTTP/1.1" 200 5701
INFO [2022-11-18 16:54:12,931] basehttp "GET /static/images/LogoCrema.png HTTP/1.1" 200 48193
INFO [2022-11-18 16:54:12,949] basehttp "GET /static/images/LogoAzul.png HTTP/1.1" 200 2987
INFO [2022-11-18 16:54:12,960] basehttp "GET /static/images/Rentabilidad-promedio.png HTTP/1.1" 200 19682
INFO [2022-11-18 16:54:12,960] basehttp "GET /static/images/Rentabilidad-promedio1.png HTTP/1.1" 200 20820
INFO [2022-11-18 16:54:12,960] basehttp "GET /static/images/bucks.png HTTP/1.1" 200 100713
INFO [2022-11-18 16:54:12,960] basehttp "GET /static/images/Ahorros-invertidos.png HTTP/1.1" 200 16709
INFO [2022-11-18 16:54:12,961] basehttp "GET /static/images/Chancho.png HTTP/1.1" 200 81157
INFO [2022-11-18 16:54:12,962] basehttp "GET /static/images/first-img.png HTTP/1.1" 200 162794
INFO [2022-11-18 16:54:12,971] basehttp "GET /static/images/row-circle.png HTTP/1.1" 200 36262
INFO [2022-11-18 16:54:12,972] basehttp "GET /static/images/plans-img/wallet.png HTTP/1.1" 200 40614
INFO [2022-11-18 16:54:12,973] basehttp "GET /static/images/plans-img/bucks.png HTTP/1.1" 200 100713
INFO [2022-11-18 16:54:12,974] basehttp "GET /static/images/bolsa.png HTTP/1.1" 200 200411
INFO [2022-11-18 16:54:12,975] basehttp "GET /static/images/resultados.png HTTP/1.1" 200 239020
INFO [2022-11-18 16:54:12,975] basehttp "GET /static/images/plans-img/money1.png HTTP/1.1" 200 143096
INFO [2022-11-18 16:54:12,982] basehttp "GET /static/images/tres-chanchos.png HTTP/1.1" 200 23142
INFO [2022-11-18 16:54:12,982] basehttp "GET /static/images/grafico.png HTTP/1.1" 200 6741
INFO [2022-11-18 16:54:12,984] basehttp "GET /static/images/plans-img/coins-scale.png HTTP/1.1" 200 131947
INFO [2022-11-18 16:54:12,984] basehttp "GET /static/images/finniu-app.png HTTP/1.1" 200 98833
INFO [2022-11-18 16:54:12,985] basehttp "GET /static/images/grow.png HTTP/1.1" 200 144710
INFO [2022-11-18 16:54:12,985] basehttp "GET /static/images/chancho-inver.png HTTP/1.1" 200 370925
INFO [2022-11-18 16:54:12,990] basehttp "GET /static/images/money-rating.png HTTP/1.1" 200 19337
INFO [2022-11-18 16:54:12,990] basehttp "GET /static/images/pick-heart.png HTTP/1.1" 200 46522
INFO [2022-11-18 16:54:12,991] basehttp "GET /static/images/layer-left.png HTTP/1.1" 200 197353
INFO [2022-11-18 16:54:12,994] basehttp "GET /static/images/scan-code.png HTTP/1.1" 200 54052
INFO [2022-11-18 16:54:12,995] basehttp "GET /static/images/layer-right.png HTTP/1.1" 200 240419
INFO [2022-11-18 16:54:12,998] basehttp "GET /static/images/testimonial/testimonial-1.png HTTP/1.1" 200 46618
INFO [2022-11-18 16:54:13,000] basehttp "GET /static/images/testimonial/testimonial-2.png HTTP/1.1" 200 54597
INFO [2022-11-18 16:54:13,002] basehttp "GET /static/images/testimonial/testimonial-3.png HTTP/1.1" 200 22478
INFO [2022-11-18 16:54:13,005] basehttp "GET /static/images/Empresa1.png HTTP/1.1" 200 15200
INFO [2022-11-18 16:54:13,010] basehttp "GET /static/images/Empresa2.png HTTP/1.1" 200 9522
INFO [2022-11-18 16:54:13,026] basehttp "GET /static/images/Empresa3.png HTTP/1.1" 200 15536
INFO [2022-11-18 16:54:13,028] basehttp "GET /static/images/Empresa4.png HTTP/1.1" 200 4915
INFO [2022-11-18 16:54:13,031] basehttp "GET /static/images/Empresa5.png HTTP/1.1" 200 27997
INFO [2022-11-18 16:54:13,031] basehttp "GET /static/images/Empresa6.png HTTP/1.1" 200 34709
INFO [2022-11-18 16:54:13,035] basehttp "GET /static/images/whatsapp.png HTTP/1.1" 200 11622
INFO [2022-11-18 16:54:13,036] basehttp "GET /static/images/linkedin.png HTTP/1.1" 200 9328
INFO [2022-11-18 16:54:13,036] basehttp "GET /static/images/wind.png HTTP/1.1" 200 18829
INFO [2022-11-18 16:54:13,041] basehttp "GET /static/images/gmail.png HTTP/1.1" 200 7504
INFO [2022-11-18 16:54:13,042] basehttp "GET /static/images/iman.png HTTP/1.1" 200 99233
INFO [2022-11-18 16:54:13,232] basehttp "GET /static/images/Fondo-1.png HTTP/1.1" 200 169620
INFO [2022-11-18 16:54:13,233] basehttp "GET /static/images/FondoPE.png HTTP/1.1" 200 279295
INFO [2022-11-18 16:54:13,237] basehttp "GET /static/images/FondoInferior.png HTTP/1.1" 200 314992
INFO [2022-11-18 16:54:13,242] basehttp "GET /static/images/fondo-azul-cortado.png HTTP/1.1" 200 36432
INFO [2022-11-18 16:54:13,312] basehttp "GET /static/images/favicon.ico HTTP/1.1" 200 15406
INFO [2022-11-18 16:54:46,829] basehttp "GET / HTTP/1.1" 200 41697
INFO [2022-11-18 16:54:46,848] basehttp "GET /static/style.css HTTP/1.1" 200 5701
INFO [2022-11-18 16:54:47,014] basehttp "GET /static/images/LogoCrema.png HTTP/1.1" 200 48193
INFO [2022-11-18 16:54:47,018] basehttp "GET /static/images/LogoAzul.png HTTP/1.1" 200 2987
INFO [2022-11-18 16:54:47,035] basehttp "GET /static/images/first-img.png HTTP/1.1" 200 162794
INFO [2022-11-18 16:54:47,039] basehttp "GET /static/images/Rentabilidad-promedio1.png HTTP/1.1" 200 20820
INFO [2022-11-18 16:54:47,087] basehttp "GET /static/images/Ahorros-invertidos.png HTTP/1.1" 200 16709
INFO [2022-11-18 16:54:47,131] basehttp "GET /static/images/Rentabilidad-promedio.png HTTP/1.1" 200 19682
INFO [2022-11-18 16:54:47,134] basehttp "GET /static/images/bucks.png HTTP/1.1" 200 100713
INFO [2022-11-18 16:54:47,138] basehttp "GET /static/images/Chancho.png HTTP/1.1" 200 81157
INFO [2022-11-18 16:54:47,142] basehttp "GET /static/images/resultados.png HTTP/1.1" 200 239020
INFO [2022-11-18 16:54:47,146] basehttp "GET /static/images/bolsa.png HTTP/1.1" 200 200411
INFO [2022-11-18 16:54:47,149] basehttp "GET /static/images/row-circle.png HTTP/1.1" 200 36262
INFO [2022-11-18 16:54:47,153] basehttp "GET /static/images/plans-img/money1.png HTTP/1.1" 200 143096
INFO [2022-11-18 16:54:47,156] basehttp "GET /static/images/plans-img/wallet.png HTTP/1.1" 200 40614
INFO [2022-11-18 16:54:47,159] basehttp "GET /static/images/plans-img/bucks.png HTTP/1.1" 200 100713
INFO [2022-11-18 16:54:47,162] basehttp "GET /static/images/plans-img/coins-scale.png HTTP/1.1" 200 131947
INFO [2022-11-18 16:54:47,211] basehttp "GET /static/images/grow.png HTTP/1.1" 200 144710
INFO [2022-11-18 16:54:47,214] basehttp "GET /static/images/grafico.png HTTP/1.1" 200 6741
INFO [2022-11-18 16:54:47,217] basehttp "GET /static/images/chancho-inver.png HTTP/1.1" 200 370925
INFO [2022-11-18 16:54:47,229] basehttp "GET /static/images/finniu-app.png HTTP/1.1" 200 98833
INFO [2022-11-18 16:54:47,275] basehttp "GET /static/images/tres-chanchos.png HTTP/1.1" 200 23142
INFO [2022-11-18 16:54:47,279] basehttp "GET /static/images/money-rating.png HTTP/1.1" 200 19337
INFO [2022-11-18 16:54:47,282] basehttp "GET /static/images/pick-heart.png HTTP/1.1" 200 46522
INFO [2022-11-18 16:54:47,287] basehttp "GET /static/images/layer-left.png HTTP/1.1" 200 197353
INFO [2022-11-18 16:54:47,331] basehttp "GET /static/images/scan-code.png HTTP/1.1" 200 54052
INFO [2022-11-18 16:54:47,377] basehttp "GET /static/images/layer-right.png HTTP/1.1" 200 240419
INFO [2022-11-18 16:54:47,382] basehttp "GET /static/images/testimonial/testimonial-1.png HTTP/1.1" 200 46618
INFO [2022-11-18 16:54:47,386] basehttp "GET /static/images/testimonial/testimonial-2.png HTTP/1.1" 200 54597
INFO [2022-11-18 16:54:47,431] basehttp "GET /static/images/testimonial/testimonial-3.png HTTP/1.1" 200 22478
INFO [2022-11-18 16:54:47,434] basehttp "GET /static/images/Empresa1.png HTTP/1.1" 200 15200
INFO [2022-11-18 16:54:47,437] basehttp "GET /static/images/Empresa2.png HTTP/1.1" 200 9522
INFO [2022-11-18 16:54:47,482] basehttp "GET /static/images/Empresa3.png HTTP/1.1" 200 15536
INFO [2022-11-18 16:54:47,486] basehttp "GET /static/images/Empresa4.png HTTP/1.1" 200 4915
INFO [2022-11-18 16:54:47,534] basehttp "GET /static/images/Empresa5.png HTTP/1.1" 200 27997
INFO [2022-11-18 16:54:47,538] basehttp "GET /static/images/Empresa6.png HTTP/1.1" 200 34709
INFO [2022-11-18 16:54:47,542] basehttp "GET /static/images/wind.png HTTP/1.1" 200 18829
INFO [2022-11-18 16:54:47,545] basehttp "GET /static/images/whatsapp.png HTTP/1.1" 200 11622
INFO [2022-11-18 16:54:47,548] basehttp "GET /static/images/linkedin.png HTTP/1.1" 200 9328
INFO [2022-11-18 16:54:47,551] basehttp "GET /static/images/gmail.png HTTP/1.1" 200 7504
INFO [2022-11-18 16:54:47,554] basehttp "GET /static/images/iman.png HTTP/1.1" 200 99233
INFO [2022-11-18 16:54:48,870] basehttp "GET /static/images/fondo-azul-cortado.png HTTP/1.1" 200 36432
INFO [2022-11-18 16:54:48,871] basehttp "GET /static/images/Fondo-1.png HTTP/1.1" 200 169620
INFO [2022-11-18 16:54:48,872] basehttp "GET /static/images/FondoInferior.png HTTP/1.1" 200 314992
INFO [2022-11-18 16:54:48,872] basehttp "GET /static/images/FondoPE.png HTTP/1.1" 200 279295
INFO [2022-11-18 16:54:48,954] basehttp "GET /static/images/favicon.ico HTTP/1.1" 200 15406
INFO [2022-11-18 16:54:55,040] basehttp "GET / HTTP/1.1" 200 41708
INFO [2022-11-18 16:54:55,055] basehttp "GET /static/style.css HTTP/1.1" 200 5701
INFO [2022-11-18 16:54:55,139] basehttp "GET /static/images/LogoCrema.png HTTP/1.1" 200 48193
INFO [2022-11-18 16:54:55,164] basehttp "GET /static/images/LogoAzul.png HTTP/1.1" 200 2987
INFO [2022-11-18 16:54:55,165] basehttp "GET /static/images/Rentabilidad-promedio1.png HTTP/1.1" 200 20820
INFO [2022-11-18 16:54:55,165] basehttp "GET /static/images/Rentabilidad-promedio.png HTTP/1.1" 200 19682
INFO [2022-11-18 16:54:55,165] basehttp "GET /static/images/Ahorros-invertidos.png HTTP/1.1" 200 16709
INFO [2022-11-18 16:54:55,166] basehttp "GET /static/images/bucks.png HTTP/1.1" 200 100713
INFO [2022-11-18 16:54:55,166] basehttp "GET /static/images/first-img.png HTTP/1.1" 200 162794
INFO [2022-11-18 16:54:55,175] basehttp "GET /static/images/row-circle.png HTTP/1.1" 200 36262
INFO [2022-11-18 16:54:55,176] basehttp "GET /static/images/plans-img/wallet.png HTTP/1.1" 200 40614
INFO [2022-11-18 16:54:55,177] basehttp "GET /static/images/bolsa.png HTTP/1.1" 200 200411
INFO [2022-11-18 16:54:55,177] basehttp "GET /static/images/resultados.png HTTP/1.1" 200 239020
INFO [2022-11-18 16:54:55,178] basehttp "GET /static/images/Chancho.png HTTP/1.1" 200 81157
INFO [2022-11-18 16:54:55,178] basehttp "GET /static/images/plans-img/money1.png HTTP/1.1" 200 143096
INFO [2022-11-18 16:54:55,185] basehttp "GET /static/images/grafico.png HTTP/1.1" 200 6741
INFO [2022-11-18 16:54:55,186] basehttp "GET /static/images/finniu-app.png HTTP/1.1" 200 98833
INFO [2022-11-18 16:54:55,187] basehttp "GET /static/images/plans-img/bucks.png HTTP/1.1" 200 100713
INFO [2022-11-18 16:54:55,188] basehttp "GET /static/images/grow.png HTTP/1.1" 200 144710
INFO [2022-11-18 16:54:55,188] basehttp "GET /static/images/plans-img/coins-scale.png HTTP/1.1" 200 131947
INFO [2022-11-18 16:54:55,189] basehttp "GET /static/images/chancho-inver.png HTTP/1.1" 200 370925
INFO [2022-11-18 16:54:55,194] basehttp "GET /static/images/money-rating.png HTTP/1.1" 200 19337
INFO [2022-11-18 16:54:55,194] basehttp "GET /static/images/tres-chanchos.png HTTP/1.1" 200 23142
INFO [2022-11-18 16:54:55,195] basehttp "GET /static/images/pick-heart.png HTTP/1.1" 200 46522
INFO [2022-11-18 16:54:55,200] basehttp "GET /static/images/scan-code.png HTTP/1.1" 200 54052
INFO [2022-11-18 16:54:55,202] basehttp "GET /static/images/layer-left.png HTTP/1.1" 200 197353
INFO [2022-11-18 16:54:55,202] basehttp "GET /static/images/layer-right.png HTTP/1.1" 200 240419
INFO [2022-11-18 16:54:55,205] basehttp "GET /static/images/testimonial/testimonial-2.png HTTP/1.1" 200 54597
INFO [2022-11-18 16:54:55,206] basehttp "GET /static/images/testimonial/testimonial-1.png HTTP/1.1" 200 46618
INFO [2022-11-18 16:54:55,208] basehttp "GET /static/images/testimonial/testimonial-3.png HTTP/1.1" 200 22478
INFO [2022-11-18 16:54:55,210] basehttp "GET /static/images/Empresa1.png HTTP/1.1" 200 15200
INFO [2022-11-18 16:54:55,213] basehttp "GET /static/images/Empresa2.png HTTP/1.1" 200 9522
INFO [2022-11-18 16:54:55,215] basehttp "GET /static/images/Empresa3.png HTTP/1.1" 200 15536
INFO [2022-11-18 16:54:55,217] basehttp "GET /static/images/Empresa4.png HTTP/1.1" 200 4915
INFO [2022-11-18 16:54:55,230] basehttp "GET /static/images/Empresa5.png HTTP/1.1" 200 27997
INFO [2022-11-18 16:54:55,231] basehttp "GET /static/images/Empresa6.png HTTP/1.1" 200 34709
INFO [2022-11-18 16:54:55,236] basehttp "GET /static/images/linkedin.png HTTP/1.1" 200 9328
INFO [2022-11-18 16:54:55,236] basehttp "GET /static/images/whatsapp.png HTTP/1.1" 200 11622
INFO [2022-11-18 16:54:55,236] basehttp "GET /static/images/wind.png HTTP/1.1" 200 18829
INFO [2022-11-18 16:54:55,241] basehttp "GET /static/images/gmail.png HTTP/1.1" 200 7504
INFO [2022-11-18 16:54:55,242] basehttp "GET /static/images/iman.png HTTP/1.1" 200 99233
INFO [2022-11-18 16:54:55,352] basehttp "GET /static/images/Fondo-1.png HTTP/1.1" 200 169620
INFO [2022-11-18 16:54:55,352] basehttp "GET /static/images/FondoPE.png HTTP/1.1" 200 279295
INFO [2022-11-18 16:54:55,354] basehttp "GET /static/images/fondo-azul-cortado.png HTTP/1.1" 200 36432
INFO [2022-11-18 16:54:55,355] basehttp "GET /static/images/FondoInferior.png HTTP/1.1" 200 314992
INFO [2022-11-18 16:54:55,442] basehttp "GET /static/images/favicon.ico HTTP/1.1" 200 15406
INFO [2022-11-18 16:56:48,450] basehttp "GET / HTTP/1.1" 200 41723
INFO [2022-11-18 16:56:48,466] basehttp "GET /static/style.css HTTP/1.1" 200 5701
INFO [2022-11-18 16:56:48,542] basehttp "GET /static/images/LogoCrema.png HTTP/1.1" 200 48193
INFO [2022-11-18 16:56:48,569] basehttp "GET /static/images/LogoAzul.png HTTP/1.1" 200 2987
INFO [2022-11-18 16:56:48,569] basehttp "GET /static/images/Rentabilidad-promedio.png HTTP/1.1" 200 19682
INFO [2022-11-18 16:56:48,570] basehttp "GET /static/images/Ahorros-invertidos.png HTTP/1.1" 200 16709
INFO [2022-11-18 16:56:48,570] basehttp "GET /static/images/first-img.png HTTP/1.1" 200 162794
INFO [2022-11-18 16:56:48,570] basehttp "GET /static/images/Rentabilidad-promedio1.png HTTP/1.1" 200 20820
INFO [2022-11-18 16:56:48,571] basehttp "GET /static/images/bucks.png HTTP/1.1" 200 100713
INFO [2022-11-18 16:56:48,577] basehttp "GET /static/images/row-circle.png HTTP/1.1" 200 36262
INFO [2022-11-18 16:56:48,578] basehttp "GET /static/images/plans-img/wallet.png HTTP/1.1" 200 40614
INFO [2022-11-18 16:56:48,579] basehttp "GET /static/images/Chancho.png HTTP/1.1" 200 81157
INFO [2022-11-18 16:56:48,580] basehttp "GET /static/images/resultados.png HTTP/1.1" 200 239020
INFO [2022-11-18 16:56:48,580] basehttp "GET /static/images/plans-img/money1.png HTTP/1.1" 200 143096
INFO [2022-11-18 16:56:48,580] basehttp "GET /static/images/bolsa.png HTTP/1.1" 200 200411
INFO [2022-11-18 16:56:48,586] basehttp "GET /static/images/grafico.png HTTP/1.1" 200 6741
INFO [2022-11-18 16:56:48,588] basehttp "GET /static/images/finniu-app.png HTTP/1.1" 200 98833
INFO [2022-11-18 16:56:48,588] basehttp "GET /static/images/grow.png HTTP/1.1" 200 144710
INFO [2022-11-18 16:56:48,589] basehttp "GET /static/images/plans-img/coins-scale.png HTTP/1.1" 200 131947
INFO [2022-11-18 16:56:48,589] basehttp "GET /static/images/plans-img/bucks.png HTTP/1.1" 200 100713
INFO [2022-11-18 16:56:48,590] basehttp "GET /static/images/chancho-inver.png HTTP/1.1" 200 370925
INFO [2022-11-18 16:56:48,592] basehttp "GET /static/images/money-rating.png HTTP/1.1" 200 19337
INFO [2022-11-18 16:56:48,593] basehttp "GET /static/images/tres-chanchos.png HTTP/1.1" 200 23142
INFO [2022-11-18 16:56:48,593] basehttp "GET /static/images/pick-heart.png HTTP/1.1" 200 46522
INFO [2022-11-18 16:56:48,598] basehttp "GET /static/images/scan-code.png HTTP/1.1" 200 54052
INFO [2022-11-18 16:56:48,598] basehttp "GET /static/images/layer-left.png HTTP/1.1" 200 197353
INFO [2022-11-18 16:56:48,599] basehttp "GET /static/images/layer-right.png HTTP/1.1" 200 240419
INFO [2022-11-18 16:56:48,604] basehttp "GET /static/images/testimonial/testimonial-1.png HTTP/1.1" 200 46618
INFO [2022-11-18 16:56:48,604] basehttp "GET /static/images/testimonial/testimonial-2.png HTTP/1.1" 200 54597
INFO [2022-11-18 16:56:48,606] basehttp "GET /static/images/testimonial/testimonial-3.png HTTP/1.1" 200 22478
INFO [2022-11-18 16:56:48,608] basehttp "GET /static/images/Empresa1.png HTTP/1.1" 200 15200
INFO [2022-11-18 16:56:48,610] basehttp "GET /static/images/Empresa2.png HTTP/1.1" 200 9522
INFO [2022-11-18 16:56:48,630] basehttp "GET /static/images/Empresa3.png HTTP/1.1" 200 15536
INFO [2022-11-18 16:56:48,632] basehttp "GET /static/images/Empresa4.png HTTP/1.1" 200 4915
INFO [2022-11-18 16:56:48,635] basehttp "GET /static/images/Empresa5.png HTTP/1.1" 200 27997
INFO [2022-11-18 16:56:48,635] basehttp "GET /static/images/Empresa6.png HTTP/1.1" 200 34709
INFO [2022-11-18 16:56:48,639] basehttp "GET /static/images/whatsapp.png HTTP/1.1" 200 11622
INFO [2022-11-18 16:56:48,639] basehttp "GET /static/images/wind.png HTTP/1.1" 200 18829
INFO [2022-11-18 16:56:48,643] basehttp "GET /static/images/gmail.png HTTP/1.1" 200 7504
INFO [2022-11-18 16:56:48,643] basehttp "GET /static/images/linkedin.png HTTP/1.1" 200 9328
INFO [2022-11-18 16:56:48,644] basehttp "GET /static/images/iman.png HTTP/1.1" 200 99233
INFO [2022-11-18 16:56:48,870] basehttp "GET /static/images/FondoPE.png HTTP/1.1" 200 279295
INFO [2022-11-18 16:56:48,873] basehttp "GET /static/images/Fondo-1.png HTTP/1.1" 200 169620
INFO [2022-11-18 16:56:48,874] basehttp "GET /static/images/FondoInferior.png HTTP/1.1" 200 314992
INFO [2022-11-18 16:56:48,875] basehttp "GET /static/images/fondo-azul-cortado.png HTTP/1.1" 200 36432
INFO [2022-11-18 16:56:48,951] basehttp "GET /static/images/favicon.ico HTTP/1.1" 200 15406
INFO [2022-11-18 16:56:58,050] basehttp "GET / HTTP/1.1" 200 41723
INFO [2022-11-18 16:56:58,071] basehttp "GET /static/style.css HTTP/1.1" 200 5701
INFO [2022-11-18 16:56:58,155] basehttp "GET /static/images/LogoCrema.png HTTP/1.1" 200 48193
INFO [2022-11-18 16:56:58,182] basehttp "GET /static/images/LogoAzul.png HTTP/1.1" 200 2987
INFO [2022-11-18 16:56:58,183] basehttp "GET /static/images/Rentabilidad-promedio1.png HTTP/1.1" 200 20820
INFO [2022-11-18 16:56:58,183] basehttp "GET /static/images/Rentabilidad-promedio.png HTTP/1.1" 200 19682
INFO [2022-11-18 16:56:58,183] basehttp "GET /static/images/Ahorros-invertidos.png HTTP/1.1" 200 16709
INFO [2022-11-18 16:56:58,184] basehttp "GET /static/images/bucks.png HTTP/1.1" 200 100713
INFO [2022-11-18 16:56:58,185] basehttp "GET /static/images/first-img.png HTTP/1.1" 200 162794
INFO [2022-11-18 16:56:58,192] basehttp "GET /static/images/row-circle.png HTTP/1.1" 200 36262
INFO [2022-11-18 16:56:58,192] basehttp "GET /static/images/plans-img/wallet.png HTTP/1.1" 200 40614
INFO [2022-11-18 16:56:58,193] basehttp "GET /static/images/Chancho.png HTTP/1.1" 200 81157
INFO [2022-11-18 16:56:58,194] basehttp "GET /static/images/bolsa.png HTTP/1.1" 200 200411
INFO [2022-11-18 16:56:58,195] basehttp "GET /static/images/resultados.png HTTP/1.1" 200 239020
INFO [2022-11-18 16:56:58,195] basehttp "GET /static/images/plans-img/money1.png HTTP/1.1" 200 143096
INFO [2022-11-18 16:56:58,201] basehttp "GET /static/images/grafico.png HTTP/1.1" 200 6741
INFO [2022-11-18 16:56:58,202] basehttp "GET /static/images/finniu-app.png HTTP/1.1" 200 98833
INFO [2022-11-18 16:56:58,203] basehttp "GET /static/images/plans-img/bucks.png HTTP/1.1" 200 100713
INFO [2022-11-18 16:56:58,204] basehttp "GET /static/images/plans-img/coins-scale.png HTTP/1.1" 200 131947
INFO [2022-11-18 16:56:58,204] basehttp "GET /static/images/grow.png HTTP/1.1" 200 144710
INFO [2022-11-18 16:56:58,205] basehttp "GET /static/images/chancho-inver.png HTTP/1.1" 200 370925
INFO [2022-11-18 16:56:58,209] basehttp "GET /static/images/tres-chanchos.png HTTP/1.1" 200 23142
INFO [2022-11-18 16:56:58,210] basehttp "GET /static/images/money-rating.png HTTP/1.1" 200 19337
INFO [2022-11-18 16:56:58,210] basehttp "GET /static/images/pick-heart.png HTTP/1.1" 200 46522
INFO [2022-11-18 16:56:58,211] basehttp "GET /static/images/layer-left.png HTTP/1.1" 200 197353
INFO [2022-11-18 16:56:58,215] basehttp "GET /static/images/testimonial/testimonial-1.png HTTP/1.1" 200 46618
INFO [2022-11-18 16:56:58,216] basehttp "GET /static/images/layer-right.png HTTP/1.1" 200 240419
INFO [2022-11-18 16:56:58,217] basehttp "GET /static/images/scan-code.png HTTP/1.1" 200 54052
INFO [2022-11-18 16:56:58,222] basehttp "GET /static/images/testimonial/testimonial-3.png HTTP/1.1" 200 22478
INFO [2022-11-18 16:56:58,222] basehttp "GET /static/images/testimonial/testimonial-2.png HTTP/1.1" 200 54597
INFO [2022-11-18 16:56:58,225] basehttp "GET /static/images/Empresa1.png HTTP/1.1" 200 15200
INFO [2022-11-18 16:56:58,227] basehttp "GET /static/images/Empresa2.png HTTP/1.1" 200 9522
INFO [2022-11-18 16:56:58,251] basehttp "GET /static/images/Empresa3.png HTTP/1.1" 200 15536
INFO [2022-11-18 16:56:58,251] basehttp "GET /static/images/Empresa4.png HTTP/1.1" 200 4915
INFO [2022-11-18 16:56:58,255] basehttp "GET /static/images/Empresa6.png HTTP/1.1" 200 34709
INFO [2022-11-18 16:56:58,256] basehttp "GET /static/images/Empresa5.png HTTP/1.1" 200 27997
INFO [2022-11-18 16:56:58,258] basehttp "GET /static/images/whatsapp.png HTTP/1.1" 200 11622
INFO [2022-11-18 16:56:58,259] basehttp "GET /static/images/wind.png HTTP/1.1" 200 18829
INFO [2022-11-18 16:56:58,263] basehttp "GET /static/images/gmail.png HTTP/1.1" 200 7504
INFO [2022-11-18 16:56:58,263] basehttp "GET /static/images/linkedin.png HTTP/1.1" 200 9328
INFO [2022-11-18 16:56:58,268] basehttp "GET /static/images/iman.png HTTP/1.1" 200 99233
INFO [2022-11-18 16:56:58,413] basehttp "GET /static/images/Fondo-1.png HTTP/1.1" 200 169620
INFO [2022-11-18 16:56:58,413] basehttp "GET /static/images/FondoPE.png HTTP/1.1" 200 279295
INFO [2022-11-18 16:56:58,416] basehttp "GET /static/images/fondo-azul-cortado.png HTTP/1.1" 200 36432
INFO [2022-11-18 16:56:58,416] basehttp "GET /static/images/FondoInferior.png HTTP/1.1" 200 314992
INFO [2022-11-18 16:56:58,496] basehttp "GET /static/images/favicon.ico HTTP/1.1" 200 15406
INFO [2022-11-18 17:43:28,627] basehttp "GET / HTTP/1.1" 200 41722
INFO [2022-11-18 17:43:28,640] basehttp "GET /static/style.css HTTP/1.1" 200 5701
INFO [2022-11-18 17:43:28,716] basehttp "GET /static/images/LogoCrema.png HTTP/1.1" 200 48193
INFO [2022-11-18 17:43:28,746] basehttp "GET /static/images/LogoAzul.png HTTP/1.1" 200 2987
INFO [2022-11-18 17:43:28,747] basehttp "GET /static/images/Ahorros-invertidos.png HTTP/1.1" 200 16709
INFO [2022-11-18 17:43:28,748] basehttp "GET /static/images/Rentabilidad-promedio1.png HTTP/1.1" 200 20820
INFO [2022-11-18 17:43:28,748] basehttp "GET /static/images/Rentabilidad-promedio.png HTTP/1.1" 200 19682
INFO [2022-11-18 17:43:28,748] basehttp "GET /static/images/bucks.png HTTP/1.1" 200 100713
INFO [2022-11-18 17:43:28,749] basehttp "GET /static/images/first-img.png HTTP/1.1" 200 162794
INFO [2022-11-18 17:43:28,765] basehttp "GET /static/images/plans-img/wallet.png HTTP/1.1" 200 40614
INFO [2022-11-18 17:43:28,765] basehttp "GET /static/images/row-circle.png HTTP/1.1" 200 36262
INFO [2022-11-18 17:43:28,766] basehttp "GET /static/images/Chancho.png HTTP/1.1" 200 81157
INFO [2022-11-18 17:43:28,767] basehttp "GET /static/images/plans-img/money1.png HTTP/1.1" 200 143096
INFO [2022-11-18 17:43:28,767] basehttp "GET /static/images/resultados.png HTTP/1.1" 200 239020
INFO [2022-11-18 17:43:28,767] basehttp "GET /static/images/bolsa.png HTTP/1.1" 200 200411
INFO [2022-11-18 17:43:28,773] basehttp "GET /static/images/grafico.png HTTP/1.1" 200 6741
INFO [2022-11-18 17:43:28,775] basehttp "GET /static/images/finniu-app.png HTTP/1.1" 200 98833
INFO [2022-11-18 17:43:28,776] basehttp "GET /static/images/grow.png HTTP/1.1" 200 144710
INFO [2022-11-18 17:43:28,776] basehttp "GET /static/images/plans-img/bucks.png HTTP/1.1" 200 100713
INFO [2022-11-18 17:43:28,776] basehttp "GET /static/images/plans-img/coins-scale.png HTTP/1.1" 200 131947
INFO [2022-11-18 17:43:28,777] basehttp "GET /static/images/chancho-inver.png HTTP/1.1" 200 370925
INFO [2022-11-18 17:43:28,780] basehttp "GET /static/images/money-rating.png HTTP/1.1" 200 19337
INFO [2022-11-18 17:43:28,781] basehttp "GET /static/images/tres-chanchos.png HTTP/1.1" 200 23142
INFO [2022-11-18 17:43:28,781] basehttp "GET /static/images/pick-heart.png HTTP/1.1" 200 46522
INFO [2022-11-18 17:43:28,786] basehttp "GET /static/images/scan-code.png HTTP/1.1" 200 54052
INFO [2022-11-18 17:43:28,787] basehttp "GET /static/images/layer-left.png HTTP/1.1" 200 197353
INFO [2022-11-18 17:43:28,788] basehttp "GET /static/images/layer-right.png HTTP/1.1" 200 240419
INFO [2022-11-18 17:43:28,790] basehttp "GET /static/images/testimonial/testimonial-1.png HTTP/1.1" 200 46618
INFO [2022-11-18 17:43:28,792] basehttp "GET /static/images/testimonial/testimonial-2.png HTTP/1.1" 200 54597
INFO [2022-11-18 17:43:28,817] basehttp "GET /static/images/testimonial/testimonial-3.png HTTP/1.1" 200 22478
INFO [2022-11-18 17:43:28,819] basehttp "GET /static/images/Empresa1.png HTTP/1.1" 200 15200
INFO [2022-11-18 17:43:28,822] basehttp "GET /static/images/Empresa2.png HTTP/1.1" 200 9522
INFO [2022-11-18 17:43:28,823] basehttp "GET /static/images/Empresa3.png HTTP/1.1" 200 15536
INFO [2022-11-18 17:43:28,823] basehttp "GET /static/images/Empresa4.png HTTP/1.1" 200 4915
INFO [2022-11-18 17:43:28,825] basehttp "GET /static/images/Empresa5.png HTTP/1.1" 200 27997
INFO [2022-11-18 17:43:28,827] basehttp "GET /static/images/Empresa6.png HTTP/1.1" 200 34709
INFO [2022-11-18 17:43:28,829] basehttp "GET /static/images/wind.png HTTP/1.1" 200 18829
INFO [2022-11-18 17:43:28,832] basehttp "GET /static/images/linkedin.png HTTP/1.1" 200 9328
INFO [2022-11-18 17:43:28,832] basehttp "GET /static/images/whatsapp.png HTTP/1.1" 200 11622
INFO [2022-11-18 17:43:28,832] basehttp "GET /static/images/gmail.png HTTP/1.1" 200 7504
INFO [2022-11-18 17:43:28,836] basehttp "GET /static/images/iman.png HTTP/1.1" 200 99233
INFO [2022-11-18 17:43:29,027] basehttp "GET /static/images/FondoInferior.png HTTP/1.1" 200 314992
INFO [2022-11-18 17:43:29,028] basehttp "GET /static/images/Fondo-1.png HTTP/1.1" 200 169620
INFO [2022-11-18 17:43:29,028] basehttp "GET /static/images/FondoPE.png HTTP/1.1" 200 279295
INFO [2022-11-18 17:43:29,030] basehttp "GET /static/images/fondo-azul-cortado.png HTTP/1.1" 200 36432
INFO [2022-11-18 17:43:29,104] basehttp "GET /static/images/favicon.ico HTTP/1.1" 200 15406
INFO [2022-11-19 03:35:10,016] autoreload Watching for file changes with StatReloader
INFO [2022-11-19 03:35:34,244] autoreload /www/src/settings/base.py changed, reloading.
INFO [2022-11-19 03:35:36,053] autoreload Watching for file changes with StatReloader
INFO [2022-11-19 15:02:56,178] basehttp "GET / HTTP/1.1" 200 41722
